<?xml version="1.0" encoding="UTF-8"?>
<testng-results skipped="0" failed="0" ignored="0" total="1" passed="1">
  <reporter-output>
  </reporter-output>
  <suite name="Default suite" duration-ms="10415" started-at="2019-12-09T13:47:47 IST" finished-at="2019-12-09T13:47:57 IST">
    <groups>
    </groups>
    <test name="Default test" duration-ms="10415" started-at="2019-12-09T13:47:47 IST" finished-at="2019-12-09T13:47:57 IST">
      <class name="Screenshot.ebaySS">
        <test-method status="PASS" signature="openurl()[pri:0, instance:Screenshot.ebaySS@6d7b4f4c]" name="openurl" is-config="true" duration-ms="10356" started-at="2019-12-09T13:47:47 IST" finished-at="2019-12-09T13:47:57 IST">
          <reporter-output>
          </reporter-output>
        </test-method> <!-- openurl -->
        <test-method status="PASS" signature="f()[pri:0, instance:Screenshot.ebaySS@6d7b4f4c]" name="f" duration-ms="8" started-at="2019-12-09T13:47:57 IST" finished-at="2019-12-09T13:47:57 IST">
          <reporter-output>
          </reporter-output>
        </test-method> <!-- f -->
        <test-method status="PASS" signature="afterTest()[pri:0, instance:Screenshot.ebaySS@6d7b4f4c]" name="afterTest" is-config="true" duration-ms="1" started-at="2019-12-09T13:47:57 IST" finished-at="2019-12-09T13:47:57 IST">
          <reporter-output>
          </reporter-output>
        </test-method> <!-- afterTest -->
      </class> <!-- Screenshot.ebaySS -->
    </test> <!-- Default test -->
  </suite> <!-- Default suite -->
</testng-results>
